[26-Apr-2024 16:04:38 UTC] PHP Warning:  Undefined array key "width" in /Users/daniel/Desktop/thisisconplex/app/public/wp-admin/includes/image.php on line 110
[26-Apr-2024 16:04:38 UTC] PHP Warning:  Undefined array key "height" in /Users/daniel/Desktop/thisisconplex/app/public/wp-admin/includes/image.php on line 111
[26-Apr-2024 16:27:59 UTC] PHP Warning:  Attempt to read property "content" on null in /Users/daniel/Desktop/thisisconplex/app/public/wp-includes/blocks/template-part.php on line 69
[26-Apr-2024 16:27:59 UTC] PHP Warning:  Attempt to read property "content" on null in /Users/daniel/Desktop/thisisconplex/app/public/wp-includes/blocks/template-part.php on line 69
[26-Apr-2024 16:27:59 UTC] PHP Warning:  Attempt to read property "content" on null in /Users/daniel/Desktop/thisisconplex/app/public/wp-includes/blocks/template-part.php on line 69
[26-Apr-2024 16:27:59 UTC] PHP Warning:  Attempt to read property "content" on null in /Users/daniel/Desktop/thisisconplex/app/public/wp-includes/blocks/template-part.php on line 69
[29-Apr-2024 19:49:17 UTC] PHP Warning:  Object of class stdClass could not be converted to int in /Users/daniel/Desktop/thisisconplex/app/public/wp-content/plugins/qi-blocks-premium/inc/nav-menu/class-qi-blocks-premium-nav-menu.php on line 117
[29-Apr-2024 19:49:17 UTC] PHP Warning:  Object of class stdClass could not be converted to int in /Users/daniel/Desktop/thisisconplex/app/public/wp-content/plugins/qi-blocks-premium/inc/nav-menu/class-qi-blocks-premium-nav-menu.php on line 117
[29-Apr-2024 20:03:56 UTC] PHP Warning:  Undefined array key "reason" in /Users/daniel/Desktop/thisisconplex/app/public/wp-content/plugins/qode-essential-addons/inc/admin/inc/admin-notice/class-qodeessentialaddons-admin-notice.php on line 68
[29-Apr-2024 20:04:01 UTC] PHP Warning:  Attempt to read property "success" on null in /Users/daniel/Desktop/thisisconplex/app/public/wp-content/plugins/qode-essential-addons/inc/admin/inc/admin-notice/class-qodeessentialaddons-admin-notice.php on line 84
[29-Apr-2024 20:17:47 UTC] PHP Warning:  Object of class stdClass could not be converted to int in /Users/daniel/Desktop/thisisconplex/app/public/wp-content/plugins/qi-blocks-premium/inc/nav-menu/class-qi-blocks-premium-nav-menu.php on line 117
[29-Apr-2024 20:18:04 UTC] PHP Warning:  Object of class stdClass could not be converted to int in /Users/daniel/Desktop/thisisconplex/app/public/wp-content/plugins/qi-blocks-premium/inc/nav-menu/class-qi-blocks-premium-nav-menu.php on line 117
[29-Apr-2024 20:18:05 UTC] PHP Warning:  Object of class stdClass could not be converted to int in /Users/daniel/Desktop/thisisconplex/app/public/wp-content/plugins/qi-blocks-premium/inc/nav-menu/class-qi-blocks-premium-nav-menu.php on line 117
[29-Apr-2024 20:18:09 UTC] PHP Warning:  Object of class stdClass could not be converted to int in /Users/daniel/Desktop/thisisconplex/app/public/wp-content/plugins/qi-blocks-premium/inc/nav-menu/class-qi-blocks-premium-nav-menu.php on line 117
[29-Apr-2024 20:18:09 UTC] PHP Warning:  Object of class stdClass could not be converted to int in /Users/daniel/Desktop/thisisconplex/app/public/wp-content/plugins/qi-blocks-premium/inc/nav-menu/class-qi-blocks-premium-nav-menu.php on line 117
[29-Apr-2024 20:18:11 UTC] PHP Warning:  Object of class stdClass could not be converted to int in /Users/daniel/Desktop/thisisconplex/app/public/wp-content/plugins/qi-blocks-premium/inc/nav-menu/class-qi-blocks-premium-nav-menu.php on line 117
[30-Apr-2024 15:51:53 UTC] PHP Warning:  An unexpected error occurred. Something may be wrong with WordPress.org or this server&#8217;s configuration. If you continue to have problems, please try the <a href="https://wordpress.org/support/forums/">support forums</a>. (WordPress could not establish a secure connection to WordPress.org. Please contact your server administrator.) in /Users/daniel/Desktop/thisisconplex/app/public/wp-includes/update.php on line 211
[04-May-2024 15:51:21 UTC] PHP Warning:  Undefined property: WP_Block_Template::$media in /Users/daniel/Desktop/thisisconplex/app/public/wp-content/plugins/create-block-theme/admin/create-theme/theme-templates.php on line 225
[04-May-2024 15:51:21 UTC] PHP Warning:  Undefined property: WP_Block_Template::$media in /Users/daniel/Desktop/thisisconplex/app/public/wp-content/plugins/create-block-theme/admin/create-theme/theme-templates.php on line 225
[04-May-2024 15:51:21 UTC] PHP Warning:  Undefined property: WP_Block_Template::$media in /Users/daniel/Desktop/thisisconplex/app/public/wp-content/plugins/create-block-theme/admin/create-theme/theme-templates.php on line 225
[04-May-2024 15:51:21 UTC] PHP Warning:  Undefined property: WP_Block_Template::$media in /Users/daniel/Desktop/thisisconplex/app/public/wp-content/plugins/create-block-theme/admin/create-theme/theme-templates.php on line 225
[04-May-2024 15:51:21 UTC] PHP Warning:  Undefined property: WP_Block_Template::$media in /Users/daniel/Desktop/thisisconplex/app/public/wp-content/plugins/create-block-theme/admin/create-theme/theme-templates.php on line 225
[04-May-2024 15:51:21 UTC] PHP Warning:  Undefined property: WP_Block_Template::$media in /Users/daniel/Desktop/thisisconplex/app/public/wp-content/plugins/create-block-theme/admin/create-theme/theme-templates.php on line 225
[04-May-2024 15:51:21 UTC] PHP Warning:  Undefined property: WP_Block_Template::$media in /Users/daniel/Desktop/thisisconplex/app/public/wp-content/plugins/create-block-theme/admin/create-theme/theme-templates.php on line 225
[04-May-2024 15:51:21 UTC] PHP Warning:  Undefined property: WP_Block_Template::$media in /Users/daniel/Desktop/thisisconplex/app/public/wp-content/plugins/create-block-theme/admin/create-theme/theme-templates.php on line 225
[04-May-2024 15:51:21 UTC] PHP Warning:  Undefined property: WP_Block_Template::$media in /Users/daniel/Desktop/thisisconplex/app/public/wp-content/plugins/create-block-theme/admin/create-theme/theme-templates.php on line 225
[04-May-2024 15:51:21 UTC] PHP Warning:  Undefined property: WP_Block_Template::$media in /Users/daniel/Desktop/thisisconplex/app/public/wp-content/plugins/create-block-theme/admin/create-theme/theme-templates.php on line 253
[04-May-2024 15:51:21 UTC] PHP Warning:  Undefined property: WP_Block_Template::$media in /Users/daniel/Desktop/thisisconplex/app/public/wp-content/plugins/create-block-theme/admin/create-theme/theme-templates.php on line 253
[04-May-2024 15:51:21 UTC] PHP Warning:  Undefined property: WP_Block_Template::$media in /Users/daniel/Desktop/thisisconplex/app/public/wp-content/plugins/create-block-theme/admin/create-theme/theme-templates.php on line 253
[04-May-2024 15:51:21 UTC] PHP Warning:  Undefined property: WP_Block_Template::$media in /Users/daniel/Desktop/thisisconplex/app/public/wp-content/plugins/create-block-theme/admin/create-theme/theme-templates.php on line 253
[04-May-2024 15:51:21 UTC] PHP Warning:  Undefined property: WP_Block_Template::$media in /Users/daniel/Desktop/thisisconplex/app/public/wp-content/plugins/create-block-theme/admin/create-theme/theme-templates.php on line 253
[04-May-2024 15:51:21 UTC] PHP Warning:  Undefined property: WP_Block_Template::$media in /Users/daniel/Desktop/thisisconplex/app/public/wp-content/plugins/create-block-theme/admin/create-theme/theme-templates.php on line 253
[04-May-2024 15:51:21 UTC] PHP Warning:  Undefined property: WP_Block_Template::$media in /Users/daniel/Desktop/thisisconplex/app/public/wp-content/plugins/create-block-theme/admin/create-theme/theme-templates.php on line 253
[04-May-2024 15:51:21 UTC] PHP Warning:  Undefined property: WP_Block_Template::$media in /Users/daniel/Desktop/thisisconplex/app/public/wp-content/plugins/create-block-theme/admin/create-theme/theme-templates.php on line 253
[04-May-2024 15:51:21 UTC] PHP Warning:  Undefined property: WP_Block_Template::$media in /Users/daniel/Desktop/thisisconplex/app/public/wp-content/plugins/create-block-theme/admin/create-theme/theme-templates.php on line 253
[04-May-2024 15:51:21 UTC] PHP Warning:  Undefined property: WP_Block_Template::$media in /Users/daniel/Desktop/thisisconplex/app/public/wp-content/plugins/create-block-theme/admin/create-theme/theme-templates.php on line 253
[04-May-2024 15:51:21 UTC] PHP Warning:  Undefined property: WP_Block_Template::$media in /Users/daniel/Desktop/thisisconplex/app/public/wp-content/plugins/create-block-theme/admin/create-theme/theme-templates.php on line 253
[04-May-2024 15:51:21 UTC] PHP Warning:  Undefined property: WP_Block_Template::$media in /Users/daniel/Desktop/thisisconplex/app/public/wp-content/plugins/create-block-theme/admin/create-theme/theme-templates.php on line 253
