[26-Apr-2024 10:50:42] NOTICE: fpm is running, pid 24903
[26-Apr-2024 10:50:42] NOTICE: ready to handle connections
[26-Apr-2024 12:07:50] NOTICE: Terminating ...
[26-Apr-2024 12:07:50] NOTICE: Terminating ...
[26-Apr-2024 12:07:50] NOTICE: exiting, bye-bye!
[29-Apr-2024 14:38:48] NOTICE: fpm is running, pid 1709
[29-Apr-2024 14:38:48] NOTICE: ready to handle connections
[29-Apr-2024 16:57:54] NOTICE: Terminating ...
[29-Apr-2024 16:57:54] NOTICE: Terminating ...
[29-Apr-2024 16:57:54] NOTICE: exiting, bye-bye!
[30-Apr-2024 09:53:57] NOTICE: fpm is running, pid 604
[30-Apr-2024 09:53:57] NOTICE: ready to handle connections
[30-Apr-2024 10:51:58] NOTICE: Terminating ...
[30-Apr-2024 10:51:58] NOTICE: Terminating ...
[30-Apr-2024 10:51:58] NOTICE: exiting, bye-bye!
[04-May-2024 09:37:05] NOTICE: fpm is running, pid 785
[04-May-2024 09:37:05] NOTICE: ready to handle connections
[04-May-2024 12:40:50] NOTICE: Terminating ...
[04-May-2024 12:40:50] NOTICE: Terminating ...
[04-May-2024 12:40:50] NOTICE: exiting, bye-bye!
[06-May-2024 10:24:26] NOTICE: fpm is running, pid 1321
[06-May-2024 10:24:26] NOTICE: ready to handle connections
